<?xml version="1.0" encoding="UTF-8"?>
<!-- Generated by org.testng.reporters.JUnitReportReporter -->
<testsuite hostname="LAPTOP-MVL84Q1R" failures="0" tests="1" name="Testcases.Assign2" time="92.595" errors="0" timestamp="18 Nov 2021 14:42:30 GMT" skipped="0">
  <testcase classname="Testcases.Assign2" name="login" time="92.595"/>
</testsuite> <!-- Testcases.Assign2 -->
